<?xml version="1.0" encoding="UTF-8"?>
<testng-results skipped="0" failed="0" ignored="0" total="1" passed="1">
  <reporter-output>
  </reporter-output>
  <suite name="Default suite" duration-ms="24765" started-at="2019-06-08T18:28:16Z" finished-at="2019-06-08T18:28:41Z">
    <groups>
    </groups>
    <test name="Default test" duration-ms="24765" started-at="2019-06-08T18:28:16Z" finished-at="2019-06-08T18:28:41Z">
      <class name="com.qa.unsplash.test.API.DownloadRandomPhotos">
        <test-method status="PASS" signature="setUp()[pri:0, instance:com.qa.unsplash.test.API.DownloadRandomPhotos@5622fdf]" name="setUp" is-config="true" duration-ms="139" started-at="2019-06-08T18:28:16Z" finished-at="2019-06-08T18:28:16Z">
          <reporter-output>
          </reporter-output>
        </test-method> <!-- setUp -->
        <test-method status="PASS" signature="getRandomPhotoDemo()[pri:0, instance:com.qa.unsplash.test.API.DownloadRandomPhotos@5622fdf]" name="getRandomPhotoDemo" duration-ms="14592" started-at="2019-06-08T18:28:16Z" finished-at="2019-06-08T18:28:31Z">
          <reporter-output>
          </reporter-output>
        </test-method> <!-- getRandomPhotoDemo -->
        <test-method status="PASS" signature="tearUp()[pri:0, instance:com.qa.unsplash.test.API.DownloadRandomPhotos@5622fdf]" name="tearUp" is-config="true" duration-ms="10001" started-at="2019-06-08T18:28:31Z" finished-at="2019-06-08T18:28:41Z">
          <reporter-output>
          </reporter-output>
        </test-method> <!-- tearUp -->
      </class> <!-- com.qa.unsplash.test.API.DownloadRandomPhotos -->
    </test> <!-- Default test -->
  </suite> <!-- Default suite -->
</testng-results>
